# JRE version: OpenJDK Runtime Environment (8.0_242-b01) (build 1.8.0_242-release-1644-b01)
# Java VM: OpenJDK 64-Bit Server VM (25.242-b01 mixed mode windows-amd64 compressed oops)
Heap:
 PSYoungGen      total 241152K, used 104125K [0x00000000d5580000, 0x00000000eac00000, 0x0000000100000000)
  eden space 218624K, 37% used [0x00000000d5580000,0x00000000da534e90,0x00000000e2b00000)
  from space 22528K, 99% used [0x00000000e2b00000,0x00000000e40fa868,0x00000000e4100000)
  to   space 35840K, 0% used [0x00000000e8900000,0x00000000e8900000,0x00000000eac00000)
 ParOldGen       total 112128K, used 63614K [0x0000000080000000, 0x0000000086d80000, 0x00000000d5580000)
  object space 112128K, 56% used [0x0000000080000000,0x0000000083e1fa40,0x0000000086d80000)
 Metaspace       used 69238K, capacity 73762K, committed 73896K, reserved 1112064K
  class space    used 9687K, capacity 10548K, committed 10672K, reserved 1048576K
GC Heap History (10 events):
Event: 5.281 GC heap before
{Heap before GC invocations=12 (full 2):
 PSYoungGen      total 137216K, used 125952K [0x00000000d5580000, 0x00000000e2600000, 0x0000000100000000)
  eden space 125952K, 100% used [0x00000000d5580000,0x00000000dd080000,0x00000000dd080000)
  from space 11264K, 0% used [0x00000000dd080000,0x00000000dd080000,0x00000000ddb80000)
  to   space 13312K, 0% used [0x00000000e1900000,0x00000000e1900000,0x00000000e2600000)
 ParOldGen       total 73216K, used 18394K [0x0000000080000000, 0x0000000084780000, 0x00000000d5580000)
  object space 73216K, 25% used [0x0000000080000000,0x00000000811f6920,0x0000000084780000)
 Metaspace       used 44565K, capacity 46068K, committed 46120K, reserved 1089536K
  class space    used 6036K, capacity 6428K, committed 6448K, reserved 1048576K
Event: 5.298 GC heap after
Heap after GC invocations=12 (full 2):
 PSYoungGen      total 181248K, used 13284K [0x00000000d5580000, 0x00000000e2600000, 0x0000000100000000)
  eden space 167936K, 0% used [0x00000000d5580000,0x00000000d5580000,0x00000000df980000)
  from space 13312K, 99% used [0x00000000e1900000,0x00000000e25f91c8,0x00000000e2600000)
  to   space 15360K, 0% used [0x00000000e0800000,0x00000000e0800000,0x00000000e1700000)
 ParOldGen       total 73216K, used 20402K [0x0000000080000000, 0x0000000084780000, 0x00000000d5580000)
  object space 73216K, 27% used [0x0000000080000000,0x00000000813eca20,0x0000000084780000)
 Metaspace       used 44565K, capacity 46068K, committed 46120K, reserved 1089536K
  class space    used 6036K, capacity 6428K, committed 6448K, reserved 1048576K
}
Event: 6.542 GC heap before
{Heap before GC invocations=13 (full 2):
 PSYoungGen      total 181248K, used 160565K [0x00000000d5580000, 0x00000000e2600000, 0x0000000100000000)
  eden space 167936K, 87% used [0x00000000d5580000,0x00000000de554468,0x00000000df980000)
  from space 13312K, 99% used [0x00000000e1900000,0x00000000e25f91c8,0x00000000e2600000)
  to   space 15360K, 0% used [0x00000000e0800000,0x00000000e0800000,0x00000000e1700000)
 ParOldGen       total 73216K, used 20402K [0x0000000080000000, 0x0000000084780000, 0x00000000d5580000)
  object space 73216K, 27% used [0x0000000080000000,0x00000000813eca20,0x0000000084780000)
 Metaspace       used 57041K, capacity 59074K, committed 59160K, reserved 1099776K
  class space    used 7830K, capacity 8318K, committed 8368K, reserved 1048576K
Event: 6.563 GC heap after
Heap after GC invocations=13 (full 2):
 PSYoungGen      total 198144K, used 15334K [0x00000000d5580000, 0x00000000e5600000, 0x0000000100000000)
  eden space 182784K, 0% used [0x00000000d5580000,0x00000000d5580000,0x00000000e0800000)
  from space 15360K, 99% used [0x00000000e0800000,0x00000000e16f9988,0x00000000e1700000)
  to   space 21504K, 0% used [0x00000000e4100000,0x00000000e4100000,0x00000000e5600000)
 ParOldGen       total 73216K, used 30708K [0x0000000080000000, 0x0000000084780000, 0x00000000d5580000)
  object space 73216K, 41% used [0x0000000080000000,0x0000000081dfd128,0x0000000084780000)
 Metaspace       used 57041K, capacity 59074K, committed 59160K, reserved 1099776K
  class space    used 7830K, capacity 8318K, committed 8368K, reserved 1048576K
}
Event: 6.563 GC heap before
{Heap before GC invocations=14 (full 3):
 PSYoungGen      total 198144K, used 15334K [0x00000000d5580000, 0x00000000e5600000, 0x0000000100000000)
  eden space 182784K, 0% used [0x00000000d5580000,0x00000000d5580000,0x00000000e0800000)
  from space 15360K, 99% used [0x00000000e0800000,0x00000000e16f9988,0x00000000e1700000)
  to   space 21504K, 0% used [0x00000000e4100000,0x00000000e4100000,0x00000000e5600000)
 ParOldGen       total 73216K, used 30708K [0x0000000080000000, 0x0000000084780000, 0x00000000d5580000)
  object space 73216K, 41% used [0x0000000080000000,0x0000000081dfd128,0x0000000084780000)
 Metaspace       used 57041K, capacity 59074K, committed 59160K, reserved 1099776K
  class space    used 7830K, capacity 8318K, committed 8368K, reserved 1048576K
Event: 6.710 GC heap after
Heap after GC invocations=14 (full 3):
 PSYoungGen      total 198144K, used 0K [0x00000000d5580000, 0x00000000e5600000, 0x0000000100000000)
  eden space 182784K, 0% used [0x00000000d5580000,0x00000000d5580000,0x00000000e0800000)
  from space 15360K, 0% used [0x00000000e0800000,0x00000000e0800000,0x00000000e1700000)
  to   space 21504K, 0% used [0x00000000e4100000,0x00000000e4100000,0x00000000e5600000)
 ParOldGen       total 112128K, used 37573K [0x0000000080000000, 0x0000000086d80000, 0x00000000d5580000)
  object space 112128K, 33% used [0x0000000080000000,0x00000000824b14c8,0x0000000086d80000)
 Metaspace       used 57010K, capacity 58966K, committed 59160K, reserved 1099776K
  class space    used 7821K, capacity 8300K, committed 8368K, reserved 1048576K
}
Event: 7.854 GC heap before
{Heap before GC invocations=15 (full 3):
 PSYoungGen      total 198144K, used 182784K [0x00000000d5580000, 0x00000000e5600000, 0x0000000100000000)
  eden space 182784K, 100% used [0x00000000d5580000,0x00000000e0800000,0x00000000e0800000)
  from space 15360K, 0% used [0x00000000e0800000,0x00000000e0800000,0x00000000e1700000)
  to   space 21504K, 0% used [0x00000000e4100000,0x00000000e4100000,0x00000000e5600000)
 ParOldGen       total 112128K, used 37573K [0x0000000080000000, 0x0000000086d80000, 0x00000000d5580000)
  object space 112128K, 33% used [0x0000000080000000,0x00000000824b14c8,0x0000000086d80000)
 Metaspace       used 61442K, capacity 64580K, committed 64808K, reserved 1105920K
  class space    used 8489K, capacity 9151K, committed 9264K, reserved 1048576K
Event: 7.867 GC heap after
Heap after GC invocations=15 (full 3):
 PSYoungGen      total 240128K, used 15941K [0x00000000d5580000, 0x00000000e6000000, 0x0000000100000000)
  eden space 218624K, 0% used [0x00000000d5580000,0x00000000d5580000,0x00000000e2b00000)
  from space 21504K, 74% used [0x00000000e4100000,0x00000000e50916d8,0x00000000e5600000)
  to   space 22528K, 0% used [0x00000000e2b00000,0x00000000e2b00000,0x00000000e4100000)
 ParOldGen       total 112128K, used 37581K [0x0000000080000000, 0x0000000086d80000, 0x00000000d5580000)
  object space 112128K, 33% used [0x0000000080000000,0x00000000824b34c8,0x0000000086d80000)
 Metaspace       used 61442K, capacity 64580K, committed 64808K, reserved 1105920K
  class space    used 8489K, capacity 9151K, committed 9264K, reserved 1048576K
}
Event: 9.008 GC heap before
{Heap before GC invocations=16 (full 3):
 PSYoungGen      total 240128K, used 234565K [0x00000000d5580000, 0x00000000e6000000, 0x0000000100000000)
  eden space 218624K, 100% used [0x00000000d5580000,0x00000000e2b00000,0x00000000e2b00000)
  from space 21504K, 74% used [0x00000000e4100000,0x00000000e50916d8,0x00000000e5600000)
  to   space 22528K, 0% used [0x00000000e2b00000,0x00000000e2b00000,0x00000000e4100000)
 ParOldGen       total 112128K, used 37581K [0x0000000080000000, 0x0000000086d80000, 0x00000000d5580000)
  object space 112128K, 33% used [0x0000000080000000,0x00000000824b34c8,0x0000000086d80000)
 Metaspace       used 67375K, capacity 71504K, committed 71720K, reserved 1110016K
  class space    used 9357K, capacity 10163K, committed 10288K, reserved 1048576K
Event: 9.074 GC heap after
Heap after GC invocations=16 (full 3):
 PSYoungGen      total 241152K, used 22506K [0x00000000d5580000, 0x00000000eac00000, 0x0000000100000000)
  eden space 218624K, 0% used [0x00000000d5580000,0x00000000d5580000,0x00000000e2b00000)
  from space 22528K, 99% used [0x00000000e2b00000,0x00000000e40fa868,0x00000000e4100000)
  to   space 35840K, 0% used [0x00000000e8900000,0x00000000e8900000,0x00000000eac00000)
 ParOldGen       total 112128K, used 63614K [0x0000000080000000, 0x0000000086d80000, 0x00000000d5580000)
  object space 112128K, 56% used [0x0000000080000000,0x0000000083e1fa40,0x0000000086d80000)
 Metaspace       used 67375K, capacity 71504K, committed 71720K, reserved 1110016K
  class space    used 9357K, capacity 10163K, committed 10288K, reserved 1048576K
}

