# JRE version: OpenJDK Runtime Environment (8.0_242-b01) (build 1.8.0_242-release-1644-b01)
# Java VM: OpenJDK 64-Bit Server VM (25.242-b01 mixed mode windows-amd64 compressed oops)
Heap:
 PSYoungGen      total 537088K, used 273651K [0x00000000d5580000, 0x00000000fa780000, 0x0000000100000000)
  eden space 487936K, 53% used [0x00000000d5580000,0x00000000e55e50d8,0x00000000f3200000)
  from space 49152K, 22% used [0x00000000f3200000,0x00000000f3cd7c90,0x00000000f6200000)
  to   space 50176K, 0% used [0x00000000f6200000,0x00000000f6200000,0x00000000f9300000)
 ParOldGen       total 157696K, used 104098K [0x0000000080000000, 0x0000000089a00000, 0x00000000d5580000)
  object space 157696K, 66% used [0x0000000080000000,0x00000000865a88c8,0x0000000089a00000)
 Metaspace       used 109633K, capacity 114335K, committed 114728K, reserved 1148928K
  class space    used 14577K, capacity 15565K, committed 15664K, reserved 1048576K
GC Heap History (10 events):
Event: 1353.295 GC heap before
{Heap before GC invocations=24 (full 4):
 PSYoungGen      total 430080K, used 416320K [0x00000000d5580000, 0x00000000f9300000, 0x0000000100000000)
  eden space 382464K, 100% used [0x00000000d5580000,0x00000000ecb00000,0x00000000ecb00000)
  from space 47616K, 71% used [0x00000000ecb00000,0x00000000eec10108,0x00000000ef980000)
  to   space 50176K, 0% used [0x00000000f6200000,0x00000000f6200000,0x00000000f9300000)
 ParOldGen       total 157696K, used 91311K [0x0000000080000000, 0x0000000089a00000, 0x00000000d5580000)
  object space 157696K, 57% used [0x0000000080000000,0x000000008592bc08,0x0000000089a00000)
 Metaspace       used 109488K, capacity 114343K, committed 114728K, reserved 1148928K
  class space    used 14574K, capacity 15561K, committed 15664K, reserved 1048576K
Event: 1353.525 GC heap after
Heap after GC invocations=24 (full 4):
 PSYoungGen      total 538112K, used 9629K [0x00000000d5580000, 0x00000000fa780000, 0x0000000100000000)
  eden space 487936K, 0% used [0x00000000d5580000,0x00000000d5580000,0x00000000f3200000)
  from space 50176K, 19% used [0x00000000f6200000,0x00000000f6b677d8,0x00000000f9300000)
  to   space 49152K, 0% used [0x00000000f3200000,0x00000000f3200000,0x00000000f6200000)
 ParOldGen       total 157696K, used 123191K [0x0000000080000000, 0x0000000089a00000, 0x00000000d5580000)
  object space 157696K, 78% used [0x0000000080000000,0x000000008784df28,0x0000000089a00000)
 Metaspace       used 109488K, capacity 114343K, committed 114728K, reserved 1148928K
  class space    used 14574K, capacity 15561K, committed 15664K, reserved 1048576K
}
Event: 1354.349 GC heap before
{Heap before GC invocations=25 (full 4):
 PSYoungGen      total 538112K, used 497565K [0x00000000d5580000, 0x00000000fa780000, 0x0000000100000000)
  eden space 487936K, 100% used [0x00000000d5580000,0x00000000f3200000,0x00000000f3200000)
  from space 50176K, 19% used [0x00000000f6200000,0x00000000f6b677d8,0x00000000f9300000)
  to   space 49152K, 0% used [0x00000000f3200000,0x00000000f3200000,0x00000000f6200000)
 ParOldGen       total 157696K, used 123193K [0x0000000080000000, 0x0000000089a00000, 0x00000000d5580000)
  object space 157696K, 78% used [0x0000000080000000,0x000000008784e748,0x0000000089a00000)
 Metaspace       used 109510K, capacity 114343K, committed 114728K, reserved 1148928K
  class space    used 14575K, capacity 15561K, committed 15664K, reserved 1048576K
Event: 1354.400 GC heap after
Heap after GC invocations=25 (full 4):
 PSYoungGen      total 537088K, used 10269K [0x00000000d5580000, 0x00000000fa780000, 0x0000000100000000)
  eden space 487936K, 0% used [0x00000000d5580000,0x00000000d5580000,0x00000000f3200000)
  from space 49152K, 20% used [0x00000000f3200000,0x00000000f3c07708,0x00000000f6200000)
  to   space 50176K, 0% used [0x00000000f6200000,0x00000000f6200000,0x00000000f9300000)
 ParOldGen       total 157696K, used 126606K [0x0000000080000000, 0x0000000089a00000, 0x00000000d5580000)
  object space 157696K, 80% used [0x0000000080000000,0x0000000087ba39e8,0x0000000089a00000)
 Metaspace       used 109510K, capacity 114343K, committed 114728K, reserved 1148928K
  class space    used 14575K, capacity 15561K, committed 15664K, reserved 1048576K
}
Event: 1354.785 GC heap before
{Heap before GC invocations=26 (full 4):
 PSYoungGen      total 537088K, used 498205K [0x00000000d5580000, 0x00000000fa780000, 0x0000000100000000)
  eden space 487936K, 100% used [0x00000000d5580000,0x00000000f3200000,0x00000000f3200000)
  from space 49152K, 20% used [0x00000000f3200000,0x00000000f3c07708,0x00000000f6200000)
  to   space 50176K, 0% used [0x00000000f6200000,0x00000000f6200000,0x00000000f9300000)
 ParOldGen       total 157696K, used 126606K [0x0000000080000000, 0x0000000089a00000, 0x00000000d5580000)
  object space 157696K, 80% used [0x0000000080000000,0x0000000087ba39e8,0x0000000089a00000)
 Metaspace       used 109528K, capacity 114355K, committed 114728K, reserved 1148928K
  class space    used 14577K, capacity 15563K, committed 15664K, reserved 1048576K
Event: 1354.794 GC heap after
Heap after GC invocations=26 (full 4):
 PSYoungGen      total 538112K, used 13398K [0x00000000d5580000, 0x00000000fa780000, 0x0000000100000000)
  eden space 487936K, 0% used [0x00000000d5580000,0x00000000d5580000,0x00000000f3200000)
  from space 50176K, 26% used [0x00000000f6200000,0x00000000f6f15a28,0x00000000f9300000)
  to   space 49152K, 0% used [0x00000000f3200000,0x00000000f3200000,0x00000000f6200000)
 ParOldGen       total 157696K, used 135340K [0x0000000080000000, 0x0000000089a00000, 0x00000000d5580000)
  object space 157696K, 85% used [0x0000000080000000,0x000000008842b3f0,0x0000000089a00000)
 Metaspace       used 109528K, capacity 114355K, committed 114728K, reserved 1148928K
  class space    used 14577K, capacity 15563K, committed 15664K, reserved 1048576K
}
Event: 1354.794 GC heap before
{Heap before GC invocations=27 (full 5):
 PSYoungGen      total 538112K, used 13398K [0x00000000d5580000, 0x00000000fa780000, 0x0000000100000000)
  eden space 487936K, 0% used [0x00000000d5580000,0x00000000d5580000,0x00000000f3200000)
  from space 50176K, 26% used [0x00000000f6200000,0x00000000f6f15a28,0x00000000f9300000)
  to   space 49152K, 0% used [0x00000000f3200000,0x00000000f3200000,0x00000000f6200000)
 ParOldGen       total 157696K, used 135340K [0x0000000080000000, 0x0000000089a00000, 0x00000000d5580000)
  object space 157696K, 85% used [0x0000000080000000,0x000000008842b3f0,0x0000000089a00000)
 Metaspace       used 109528K, capacity 114355K, committed 114728K, reserved 1148928K
  class space    used 14577K, capacity 15563K, committed 15664K, reserved 1048576K
Event: 1355.162 GC heap after
Heap after GC invocations=27 (full 5):
 PSYoungGen      total 538112K, used 0K [0x00000000d5580000, 0x00000000fa780000, 0x0000000100000000)
  eden space 487936K, 0% used [0x00000000d5580000,0x00000000d5580000,0x00000000f3200000)
  from space 50176K, 0% used [0x00000000f6200000,0x00000000f6200000,0x00000000f9300000)
  to   space 49152K, 0% used [0x00000000f3200000,0x00000000f3200000,0x00000000f6200000)
 ParOldGen       total 157696K, used 104090K [0x0000000080000000, 0x0000000089a00000, 0x00000000d5580000)
  object space 157696K, 66% used [0x0000000080000000,0x00000000865a68c8,0x0000000089a00000)
 Metaspace       used 109465K, capacity 114143K, committed 114728K, reserved 1148928K
  class space    used 14557K, capacity 15527K, committed 15664K, reserved 1048576K
}
Event: 1356.889 GC heap before
{Heap before GC invocations=28 (full 5):
 PSYoungGen      total 538112K, used 487936K [0x00000000d5580000, 0x00000000fa780000, 0x0000000100000000)
  eden space 487936K, 100% used [0x00000000d5580000,0x00000000f3200000,0x00000000f3200000)
  from space 50176K, 0% used [0x00000000f6200000,0x00000000f6200000,0x00000000f9300000)
  to   space 49152K, 0% used [0x00000000f3200000,0x00000000f3200000,0x00000000f6200000)
 ParOldGen       total 157696K, used 104090K [0x0000000080000000, 0x0000000089a00000, 0x00000000d5580000)
  object space 157696K, 66% used [0x0000000080000000,0x00000000865a68c8,0x0000000089a00000)
 Metaspace       used 109514K, capacity 114149K, committed 114728K, reserved 1148928K
  class space    used 14558K, capacity 15528K, committed 15664K, reserved 1048576K
Event: 1356.895 GC heap after
Heap after GC invocations=28 (full 5):
 PSYoungGen      total 537088K, used 11103K [0x00000000d5580000, 0x00000000fa780000, 0x0000000100000000)
  eden space 487936K, 0% used [0x00000000d5580000,0x00000000d5580000,0x00000000f3200000)
  from space 49152K, 22% used [0x00000000f3200000,0x00000000f3cd7c90,0x00000000f6200000)
  to   space 50176K, 0% used [0x00000000f6200000,0x00000000f6200000,0x00000000f9300000)
 ParOldGen       total 157696K, used 104098K [0x0000000080000000, 0x0000000089a00000, 0x00000000d5580000)
  object space 157696K, 66% used [0x0000000080000000,0x00000000865a88c8,0x0000000089a00000)
 Metaspace       used 109514K, capacity 114149K, committed 114728K, reserved 1148928K
  class space    used 14558K, capacity 15528K, committed 15664K, reserved 1048576K
}

