# JRE version: OpenJDK Runtime Environment (8.0_242-b01) (build 1.8.0_242-release-1644-b01)
# Java VM: OpenJDK 64-Bit Server VM (25.242-b01 mixed mode windows-amd64 compressed oops)
Heap:
 PSYoungGen      total 394240K, used 126700K [0x00000000d5580000, 0x00000000f2500000, 0x0000000100000000)
  eden space 352256K, 35% used [0x00000000d5580000,0x00000000dd13b2b8,0x00000000ead80000)
  from space 41984K, 0% used [0x00000000ee300000,0x00000000ee300000,0x00000000f0c00000)
  to   space 54784K, 0% used [0x00000000ead80000,0x00000000ead80000,0x00000000ee300000)
 ParOldGen       total 210944K, used 97961K [0x0000000080000000, 0x000000008ce00000, 0x00000000d5580000)
  object space 210944K, 46% used [0x0000000080000000,0x0000000085faa4b8,0x000000008ce00000)
 Metaspace       used 95342K, capacity 99138K, committed 100520K, reserved 1136640K
  class space    used 12419K, capacity 13188K, committed 13488K, reserved 1048576K
GC Heap History (10 events):
Event: 16.263 GC heap before
{Heap before GC invocations=18 (full 3):
 PSYoungGen      total 281600K, used 281599K [0x00000000d5580000, 0x00000000eb180000, 0x0000000100000000)
  eden space 254976K, 100% used [0x00000000d5580000,0x00000000e4e80000,0x00000000e4e80000)
  from space 26624K, 99% used [0x00000000e7500000,0x00000000e8efffd8,0x00000000e8f00000)
  to   space 39424K, 0% used [0x00000000e4e80000,0x00000000e4e80000,0x00000000e7500000)
 ParOldGen       total 112640K, used 60222K [0x0000000080000000, 0x0000000086e00000, 0x00000000d5580000)
  object space 112640K, 53% used [0x0000000080000000,0x0000000083acf980,0x0000000086e00000)
 Metaspace       used 68632K, capacity 72282K, committed 72488K, reserved 1112064K
  class space    used 9267K, capacity 9978K, committed 10032K, reserved 1048576K
Event: 16.289 GC heap after
Heap after GC invocations=18 (full 3):
 PSYoungGen      total 294400K, used 12188K [0x00000000d5580000, 0x00000000edd00000, 0x0000000100000000)
  eden space 254976K, 0% used [0x00000000d5580000,0x00000000d5580000,0x00000000e4e80000)
  from space 39424K, 30% used [0x00000000e4e80000,0x00000000e5a67160,0x00000000e7500000)
  to   space 37376K, 0% used [0x00000000eb880000,0x00000000eb880000,0x00000000edd00000)
 ParOldGen       total 112640K, used 78385K [0x0000000080000000, 0x0000000086e00000, 0x00000000d5580000)
  object space 112640K, 69% used [0x0000000080000000,0x0000000084c8c518,0x0000000086e00000)
 Metaspace       used 68632K, capacity 72282K, committed 72488K, reserved 1112064K
  class space    used 9267K, capacity 9978K, committed 10032K, reserved 1048576K
}
Event: 17.960 GC heap before
{Heap before GC invocations=19 (full 3):
 PSYoungGen      total 294400K, used 267164K [0x00000000d5580000, 0x00000000edd00000, 0x0000000100000000)
  eden space 254976K, 100% used [0x00000000d5580000,0x00000000e4e80000,0x00000000e4e80000)
  from space 39424K, 30% used [0x00000000e4e80000,0x00000000e5a67160,0x00000000e7500000)
  to   space 37376K, 0% used [0x00000000eb880000,0x00000000eb880000,0x00000000edd00000)
 ParOldGen       total 112640K, used 78385K [0x0000000080000000, 0x0000000086e00000, 0x00000000d5580000)
  object space 112640K, 69% used [0x0000000080000000,0x0000000084c8c518,0x0000000086e00000)
 Metaspace       used 69970K, capacity 73696K, committed 73896K, reserved 1114112K
  class space    used 9386K, capacity 10139K, committed 10160K, reserved 1048576K
Event: 17.972 GC heap after
Heap after GC invocations=19 (full 3):
 PSYoungGen      total 344064K, used 10327K [0x00000000d5580000, 0x00000000ed200000, 0x0000000100000000)
  eden space 317952K, 0% used [0x00000000d5580000,0x00000000d5580000,0x00000000e8c00000)
  from space 26112K, 39% used [0x00000000eb880000,0x00000000ec295d20,0x00000000ed200000)
  to   space 35840K, 0% used [0x00000000e8c00000,0x00000000e8c00000,0x00000000eaf00000)
 ParOldGen       total 112640K, used 78393K [0x0000000080000000, 0x0000000086e00000, 0x00000000d5580000)
  object space 112640K, 69% used [0x0000000080000000,0x0000000084c8e518,0x0000000086e00000)
 Metaspace       used 69970K, capacity 73696K, committed 73896K, reserved 1114112K
  class space    used 9386K, capacity 10139K, committed 10160K, reserved 1048576K
}
Event: 22.742 GC heap before
{Heap before GC invocations=20 (full 3):
 PSYoungGen      total 344064K, used 328279K [0x00000000d5580000, 0x00000000ed200000, 0x0000000100000000)
  eden space 317952K, 100% used [0x00000000d5580000,0x00000000e8c00000,0x00000000e8c00000)
  from space 26112K, 39% used [0x00000000eb880000,0x00000000ec295d20,0x00000000ed200000)
  to   space 35840K, 0% used [0x00000000e8c00000,0x00000000e8c00000,0x00000000eaf00000)
 ParOldGen       total 112640K, used 78393K [0x0000000080000000, 0x0000000086e00000, 0x00000000d5580000)
  object space 112640K, 69% used [0x0000000080000000,0x0000000084c8e518,0x0000000086e00000)
 Metaspace       used 79666K, capacity 83522K, committed 83752K, reserved 1122304K
  class space    used 10537K, capacity 11298K, committed 11312K, reserved 1048576K
Event: 22.777 GC heap after
Heap after GC invocations=20 (full 3):
 PSYoungGen      total 353792K, used 35813K [0x00000000d5580000, 0x00000000f0c00000, 0x0000000100000000)
  eden space 317952K, 0% used [0x00000000d5580000,0x00000000d5580000,0x00000000e8c00000)
  from space 35840K, 99% used [0x00000000e8c00000,0x00000000eaef95a8,0x00000000eaf00000)
  to   space 41984K, 0% used [0x00000000ee300000,0x00000000ee300000,0x00000000f0c00000)
 ParOldGen       total 112640K, used 78742K [0x0000000080000000, 0x0000000086e00000, 0x00000000d5580000)
  object space 112640K, 69% used [0x0000000080000000,0x0000000084ce5a68,0x0000000086e00000)
 Metaspace       used 79666K, capacity 83522K, committed 83752K, reserved 1122304K
  class space    used 10537K, capacity 11298K, committed 11312K, reserved 1048576K
}
Event: 25.493 GC heap before
{Heap before GC invocations=21 (full 3):
 PSYoungGen      total 353792K, used 353765K [0x00000000d5580000, 0x00000000f0c00000, 0x0000000100000000)
  eden space 317952K, 100% used [0x00000000d5580000,0x00000000e8c00000,0x00000000e8c00000)
  from space 35840K, 99% used [0x00000000e8c00000,0x00000000eaef95a8,0x00000000eaf00000)
  to   space 41984K, 0% used [0x00000000ee300000,0x00000000ee300000,0x00000000f0c00000)
 ParOldGen       total 112640K, used 78753K [0x0000000080000000, 0x0000000086e00000, 0x00000000d5580000)
  object space 112640K, 69% used [0x0000000080000000,0x0000000084ce85b0,0x0000000086e00000)
 Metaspace       used 92647K, capacity 97228K, committed 97576K, reserved 1134592K
  class space    used 12101K, capacity 12989K, committed 13104K, reserved 1048576K
Event: 25.548 GC heap after
Heap after GC invocations=21 (full 3):
 PSYoungGen      total 394240K, used 41979K [0x00000000d5580000, 0x00000000f2500000, 0x0000000100000000)
  eden space 352256K, 0% used [0x00000000d5580000,0x00000000d5580000,0x00000000ead80000)
  from space 41984K, 99% used [0x00000000ee300000,0x00000000f0bfef48,0x00000000f0c00000)
  to   space 54784K, 0% used [0x00000000ead80000,0x00000000ead80000,0x00000000ee300000)
 ParOldGen       total 112640K, used 94910K [0x0000000080000000, 0x0000000086e00000, 0x00000000d5580000)
  object space 112640K, 84% used [0x0000000080000000,0x0000000085caf848,0x0000000086e00000)
 Metaspace       used 92647K, capacity 97228K, committed 97576K, reserved 1134592K
  class space    used 12101K, capacity 12989K, committed 13104K, reserved 1048576K
}
Event: 25.548 GC heap before
{Heap before GC invocations=22 (full 4):
 PSYoungGen      total 394240K, used 41979K [0x00000000d5580000, 0x00000000f2500000, 0x0000000100000000)
  eden space 352256K, 0% used [0x00000000d5580000,0x00000000d5580000,0x00000000ead80000)
  from space 41984K, 99% used [0x00000000ee300000,0x00000000f0bfef48,0x00000000f0c00000)
  to   space 54784K, 0% used [0x00000000ead80000,0x00000000ead80000,0x00000000ee300000)
 ParOldGen       total 112640K, used 94910K [0x0000000080000000, 0x0000000086e00000, 0x00000000d5580000)
  object space 112640K, 84% used [0x0000000080000000,0x0000000085caf848,0x0000000086e00000)
 Metaspace       used 92647K, capacity 97228K, committed 97576K, reserved 1134592K
  class space    used 12101K, capacity 12989K, committed 13104K, reserved 1048576K
Event: 25.749 GC heap after
Heap after GC invocations=22 (full 4):
 PSYoungGen      total 394240K, used 0K [0x00000000d5580000, 0x00000000f2500000, 0x0000000100000000)
  eden space 352256K, 0% used [0x00000000d5580000,0x00000000d5580000,0x00000000ead80000)
  from space 41984K, 0% used [0x00000000ee300000,0x00000000ee300000,0x00000000f0c00000)
  to   space 54784K, 0% used [0x00000000ead80000,0x00000000ead80000,0x00000000ee300000)
 ParOldGen       total 210944K, used 97961K [0x0000000080000000, 0x000000008ce00000, 0x00000000d5580000)
  object space 210944K, 46% used [0x0000000080000000,0x0000000085faa4b8,0x000000008ce00000)
 Metaspace       used 91987K, capacity 95370K, committed 97576K, reserved 1134592K
  class space    used 11888K, capacity 12612K, committed 13104K, reserved 1048576K
}

