# JRE version: OpenJDK Runtime Environment (8.0_242-b01) (build 1.8.0_242-release-1644-b01)
# Java VM: OpenJDK 64-Bit Server VM (25.242-b01 mixed mode windows-amd64 compressed oops)
Heap:
 PSYoungGen      total 422400K, used 217327K [0x00000000d5580000, 0x00000000f6900000, 0x0000000100000000)
  eden space 388096K, 54% used [0x00000000d5580000,0x00000000e239a558,0x00000000ed080000)
  from space 34304K, 18% used [0x00000000ef480000,0x00000000efaa19c0,0x00000000f1600000)
  to   space 36864K, 0% used [0x00000000ed080000,0x00000000ed080000,0x00000000ef480000)
 ParOldGen       total 187904K, used 140912K [0x0000000080000000, 0x000000008b780000, 0x00000000d5580000)
  object space 187904K, 74% used [0x0000000080000000,0x000000008899c198,0x000000008b780000)
 Metaspace       used 73539K, capacity 77162K, committed 78000K, reserved 1116160K
  class space    used 9942K, capacity 10648K, committed 10928K, reserved 1048576K
GC Heap History (10 events):
Event: 32.285 GC heap before
{Heap before GC invocations=22 (full 4):
 PSYoungGen      total 424960K, used 414090K [0x00000000d5580000, 0x00000000f2880000, 0x0000000100000000)
  eden space 385536K, 100% used [0x00000000d5580000,0x00000000ece00000,0x00000000ece00000)
  from space 39424K, 72% used [0x00000000ece00000,0x00000000ee9e2b50,0x00000000ef480000)
  to   space 34304K, 0% used [0x00000000ef480000,0x00000000ef480000,0x00000000f1600000)
 ParOldGen       total 187904K, used 94292K [0x0000000080000000, 0x000000008b780000, 0x00000000d5580000)
  object space 187904K, 50% used [0x0000000080000000,0x0000000085c15148,0x000000008b780000)
 Metaspace       used 72870K, capacity 76532K, committed 77360K, reserved 1116160K
  class space    used 9890K, capacity 10591K, committed 10800K, reserved 1048576K
Event: 32.363 GC heap after
Heap after GC invocations=22 (full 4):
 PSYoungGen      total 419840K, used 6461K [0x00000000d5580000, 0x00000000f2880000, 0x0000000100000000)
  eden space 385536K, 0% used [0x00000000d5580000,0x00000000d5580000,0x00000000ece00000)
  from space 34304K, 18% used [0x00000000ef480000,0x00000000efacf4e8,0x00000000f1600000)
  to   space 39424K, 0% used [0x00000000ece00000,0x00000000ece00000,0x00000000ef480000)
 ParOldGen       total 187904K, used 120768K [0x0000000080000000, 0x000000008b780000, 0x00000000d5580000)
  object space 187904K, 64% used [0x0000000080000000,0x00000000875f03c8,0x000000008b780000)
 Metaspace       used 72870K, capacity 76532K, committed 77360K, reserved 1116160K
  class space    used 9890K, capacity 10591K, committed 10800K, reserved 1048576K
}
Event: 33.129 GC heap before
{Heap before GC invocations=23 (full 4):
 PSYoungGen      total 419840K, used 391997K [0x00000000d5580000, 0x00000000f2880000, 0x0000000100000000)
  eden space 385536K, 100% used [0x00000000d5580000,0x00000000ece00000,0x00000000ece00000)
  from space 34304K, 18% used [0x00000000ef480000,0x00000000efacf4e8,0x00000000f1600000)
  to   space 39424K, 0% used [0x00000000ece00000,0x00000000ece00000,0x00000000ef480000)
 ParOldGen       total 187904K, used 120768K [0x0000000080000000, 0x000000008b780000, 0x00000000d5580000)
  object space 187904K, 64% used [0x0000000080000000,0x00000000875f03c8,0x000000008b780000)
 Metaspace       used 73100K, capacity 76802K, committed 77616K, reserved 1116160K
  class space    used 9907K, capacity 10606K, committed 10800K, reserved 1048576K
Event: 33.168 GC heap after
Heap after GC invocations=23 (full 4):
 PSYoungGen      total 424960K, used 11206K [0x00000000d5580000, 0x00000000f2880000, 0x0000000100000000)
  eden space 385536K, 0% used [0x00000000d5580000,0x00000000d5580000,0x00000000ece00000)
  from space 39424K, 28% used [0x00000000ece00000,0x00000000ed8f1b38,0x00000000ef480000)
  to   space 34304K, 0% used [0x00000000ef480000,0x00000000ef480000,0x00000000f1600000)
 ParOldGen       total 187904K, used 125290K [0x0000000080000000, 0x000000008b780000, 0x00000000d5580000)
  object space 187904K, 66% used [0x0000000080000000,0x0000000087a5a9c8,0x000000008b780000)
 Metaspace       used 73100K, capacity 76802K, committed 77616K, reserved 1116160K
  class space    used 9907K, capacity 10606K, committed 10800K, reserved 1048576K
}
Event: 33.981 GC heap before
{Heap before GC invocations=24 (full 4):
 PSYoungGen      total 424960K, used 396742K [0x00000000d5580000, 0x00000000f2880000, 0x0000000100000000)
  eden space 385536K, 100% used [0x00000000d5580000,0x00000000ece00000,0x00000000ece00000)
  from space 39424K, 28% used [0x00000000ece00000,0x00000000ed8f1b38,0x00000000ef480000)
  to   space 34304K, 0% used [0x00000000ef480000,0x00000000ef480000,0x00000000f1600000)
 ParOldGen       total 187904K, used 125290K [0x0000000080000000, 0x000000008b780000, 0x00000000d5580000)
  object space 187904K, 66% used [0x0000000080000000,0x0000000087a5a9c8,0x000000008b780000)
 Metaspace       used 73319K, capacity 77012K, committed 78000K, reserved 1116160K
  class space    used 9937K, capacity 10647K, committed 10928K, reserved 1048576K
Event: 34.033 GC heap after
Heap after GC invocations=24 (full 4):
 PSYoungGen      total 419840K, used 4562K [0x00000000d5580000, 0x00000000f2880000, 0x0000000100000000)
  eden space 385536K, 0% used [0x00000000d5580000,0x00000000d5580000,0x00000000ece00000)
  from space 34304K, 13% used [0x00000000ef480000,0x00000000ef8f4bc0,0x00000000f1600000)
  to   space 39424K, 0% used [0x00000000ece00000,0x00000000ece00000,0x00000000ef480000)
 ParOldGen       total 187904K, used 134518K [0x0000000080000000, 0x000000008b780000, 0x00000000d5580000)
  object space 187904K, 71% used [0x0000000080000000,0x000000008835da38,0x000000008b780000)
 Metaspace       used 73319K, capacity 77012K, committed 78000K, reserved 1116160K
  class space    used 9937K, capacity 10647K, committed 10928K, reserved 1048576K
}
Event: 34.938 GC heap before
{Heap before GC invocations=25 (full 4):
 PSYoungGen      total 419840K, used 390098K [0x00000000d5580000, 0x00000000f2880000, 0x0000000100000000)
  eden space 385536K, 100% used [0x00000000d5580000,0x00000000ece00000,0x00000000ece00000)
  from space 34304K, 13% used [0x00000000ef480000,0x00000000ef8f4bc0,0x00000000f1600000)
  to   space 39424K, 0% used [0x00000000ece00000,0x00000000ece00000,0x00000000ef480000)
 ParOldGen       total 187904K, used 134518K [0x0000000080000000, 0x000000008b780000, 0x00000000d5580000)
  object space 187904K, 71% used [0x0000000080000000,0x000000008835da38,0x000000008b780000)
 Metaspace       used 73419K, capacity 77088K, committed 78000K, reserved 1116160K
  class space    used 9937K, capacity 10647K, committed 10928K, reserved 1048576K
Event: 34.959 GC heap after
Heap after GC invocations=25 (full 4):
 PSYoungGen      total 424960K, used 8032K [0x00000000d5580000, 0x00000000f2880000, 0x0000000100000000)
  eden space 385536K, 0% used [0x00000000d5580000,0x00000000d5580000,0x00000000ece00000)
  from space 39424K, 20% used [0x00000000ece00000,0x00000000ed5d8398,0x00000000ef480000)
  to   space 34304K, 0% used [0x00000000ef480000,0x00000000ef480000,0x00000000f1600000)
 ParOldGen       total 187904K, used 137495K [0x0000000080000000, 0x000000008b780000, 0x00000000d5580000)
  object space 187904K, 73% used [0x0000000080000000,0x0000000088645c68,0x000000008b780000)
 Metaspace       used 73419K, capacity 77088K, committed 78000K, reserved 1116160K
  class space    used 9937K, capacity 10647K, committed 10928K, reserved 1048576K
}
Event: 35.718 GC heap before
{Heap before GC invocations=26 (full 4):
 PSYoungGen      total 424960K, used 393568K [0x00000000d5580000, 0x00000000f2880000, 0x0000000100000000)
  eden space 385536K, 100% used [0x00000000d5580000,0x00000000ece00000,0x00000000ece00000)
  from space 39424K, 20% used [0x00000000ece00000,0x00000000ed5d8398,0x00000000ef480000)
  to   space 34304K, 0% used [0x00000000ef480000,0x00000000ef480000,0x00000000f1600000)
 ParOldGen       total 187904K, used 137495K [0x0000000080000000, 0x000000008b780000, 0x00000000d5580000)
  object space 187904K, 73% used [0x0000000080000000,0x0000000088645c68,0x000000008b780000)
 Metaspace       used 73472K, capacity 77156K, committed 78000K, reserved 1116160K
  class space    used 9937K, capacity 10647K, committed 10928K, reserved 1048576K
Event: 35.747 GC heap after
Heap after GC invocations=26 (full 4):
 PSYoungGen      total 422400K, used 6278K [0x00000000d5580000, 0x00000000f6900000, 0x0000000100000000)
  eden space 388096K, 0% used [0x00000000d5580000,0x00000000d5580000,0x00000000ed080000)
  from space 34304K, 18% used [0x00000000ef480000,0x00000000efaa19c0,0x00000000f1600000)
  to   space 36864K, 0% used [0x00000000ed080000,0x00000000ed080000,0x00000000ef480000)
 ParOldGen       total 187904K, used 140912K [0x0000000080000000, 0x000000008b780000, 0x00000000d5580000)
  object space 187904K, 74% used [0x0000000080000000,0x000000008899c198,0x000000008b780000)
 Metaspace       used 73472K, capacity 77156K, committed 78000K, reserved 1116160K
  class space    used 9937K, capacity 10647K, committed 10928K, reserved 1048576K
}

